cl : command line warning D9002: ignoring unknown option '/NODEFAULTLIB'
  darkloadlibrary.c
P:\DarkLoadLibrary\darkloadlibrary.c(63,1): warning C4133: 'initializing': incompatible types - from 'wchar_t *' to 'PCHAR'
P:\DarkLoadLibrary\darkloadlibrary.c(68,1): warning C4133: 'initializing': incompatible types - from 'wchar_t *' to 'PCHAR'
P:\DarkLoadLibrary\darkloadlibrary.c(161,41): warning C4090: 'function': different 'const' qualifiers
P:\DarkLoadLibrary\darkloadlibrary.c(181,35): warning C4013: 'IsModulePresent' undefined; assuming extern returning int
P:\DarkLoadLibrary\darkloadlibrary.c(187,31): warning C4047: '=': 'ULONG_PTR' differs in levels of indirection from 'HMODULE'
P:\DarkLoadLibrary\darkloadlibrary.c(194,16): warning C4013: 'IsValidPE' undefined; assuming extern returning int
P:\DarkLoadLibrary\darkloadlibrary.c(201,18): warning C4013: 'MapSections' undefined; assuming extern returning int
P:\DarkLoadLibrary\darkloadlibrary.c(208,21): warning C4013: 'ResolveImports' undefined; assuming extern returning int
P:\DarkLoadLibrary\darkloadlibrary.c(215,22): warning C4013: 'LinkModuleToPEB' undefined; assuming extern returning int
P:\DarkLoadLibrary\darkloadlibrary.c(222,21): warning C4013: 'BeginExecution' undefined; assuming extern returning int
P:\DarkLoadLibrary\darkloadlibrary.c(181,1): warning C4047: 'initializing': 'HMODULE' differs in levels of indirection from 'int'
P:\DarkLoadLibrary\darkloadlibrary.c(292,21): warning C4047: 'function': 'HMODULE' differs in levels of indirection from 'ULONG_PTR'
P:\DarkLoadLibrary\darkloadlibrary.c(292,10): warning C4024: 'GetProcAddress': different types for formal and actual parameter 1
P:\DarkLoadLibrary\darkloadlibrary.c(291,1): warning C4113: 'FARPROC' differs in parameter lists from '_ThisIsAFunction'
P:\DarkLoadLibrary\darkloadlibrary.c(291,1): warning C4133: 'initializing': incompatible types - from 'FARPROC' to '_ThisIsAFunction'
  Generating code
  3 of 20 functions (15.0%) were compiled, the rest were copied from previous compilation.
    0 functions were new in current compilation
    0 functions had inline decision re-evaluated but remain unchanged
  Finished generating code
  DarkLoadLibrary.vcxproj -> P:\DarkLoadLibrary\x64\Release\DarkLoadLibrary.exe
